481962179
1395930617
555170039
1348200577
1144434127
2141030737
211
109
2
3
5
5
3
41
23
3
5
5
3
41
5
710086159
206645771
1472818297
232108561
1842221149
1253131981
474715013
1877256193
31916179
2
3
5
7
2
3
2
3
2
3
5
2
3
2147483647
3
3
1231
13
2147483647
1408899263
2
3
627780289
1515331331
1480686577
977011747
1023486599
2
3
5
7
3
31
3
13
23
31
3
2056484939
1107670381
13
13
3
13
41
31
23
3457
7
43
140387297
1908287323
2098603229
1126735721
2016305581
550481489
2
3
194643551
1746431107
1826864987
243252671
1270958881
23
31
23
31
629143343
1348501127
749719021
1067471521
31
23
7
311
